        -:    0:Source:dominion.c
        -:    0:Graph:dominion.gcno
        -:    0:Data:dominion.gcda
        -:    0:Runs:1
        -:    0:Programs:1
        -:    1:#include "dominion.h"
        -:    2:#include "dominion_helpers.h"
        -:    3:#include "rngs.h"
        -:    4:#include <stdio.h>
        -:    5:#include <math.h>
        -:    6:#include <stdlib.h>
        -:    7:
        -:    8:int compare(const void* a, const void* b) {
     6849:    9:  if (*(int*)a > *(int*)b)
     3485:   10:    return 1;
     3364:   11:  if (*(int*)a < *(int*)b)
     3364:   12:    return -1;
    #####:   13:  return 0;
     6849:   14:}
        -:   15:
        -:   16:struct gameState* newGame() {
    #####:   17:  struct gameState* g = malloc(sizeof(struct gameState));
    #####:   18:  return g;
        -:   19:}
        -:   20:
        -:   21:int* kingdomCards(int k1, int k2, int k3, int k4, int k5, int k6, int k7,
        -:   22:		  int k8, int k9, int k10) {
    #####:   23:  int* k = malloc(10 * sizeof(int));
    #####:   24:  k[0] = k1;
    #####:   25:  k[1] = k2;
    #####:   26:  k[2] = k3;
    #####:   27:  k[3] = k4;
    #####:   28:  k[4] = k5;
    #####:   29:  k[5] = k6;
    #####:   30:  k[6] = k7;
    #####:   31:  k[7] = k8;
    #####:   32:  k[8] = k9;
    #####:   33:  k[9] = k10;
    #####:   34:  return k;
        -:   35:}
        -:   36:
        -:   37:int initializeGame(int numPlayers, int kingdomCards[10], int randomSeed,
        -:   38:		   struct gameState *state) {
        -:   39:
        -:   40:  int i;
        -:   41:  int j;
        -:   42:  int it;			
        -:   43:  //set up random number generator
    #####:   44:  SelectStream(1);
    #####:   45:  PutSeed((long)randomSeed);
        -:   46:  
        -:   47:  //check number of players
    #####:   48:  if (numPlayers > MAX_PLAYERS || numPlayers < 2)
        -:   49:    {
    #####:   50:      return -1;
        -:   51:    }
        -:   52:
        -:   53:  //set number of players
    #####:   54:  state->numPlayers = numPlayers;
        -:   55:
        -:   56:  //check selected kingdom cards are different
    #####:   57:  for (i = 0; i < 10; i++)
        -:   58:    {
    #####:   59:      for (j = 0; j < 10; j++)
        -:   60:        {
    #####:   61:	  if (j != i && kingdomCards[j] == kingdomCards[i])
        -:   62:	    {
    #####:   63:	      return -1;
        -:   64:	    }
    #####:   65:        }
    #####:   66:    }
        -:   67:
        -:   68:
        -:   69:  //initialize supply
        -:   70:  ///////////////////////////////
        -:   71:
        -:   72:  //set number of Curse cards
    #####:   73:  if (numPlayers == 2)
        -:   74:    {
    #####:   75:      state->supplyCount[curse] = 10;
    #####:   76:    }
    #####:   77:  else if (numPlayers == 3)
        -:   78:    {
    #####:   79:      state->supplyCount[curse] = 20;
    #####:   80:    }
        -:   81:  else
        -:   82:    {
    #####:   83:      state->supplyCount[curse] = 30;
        -:   84:    }
        -:   85:
        -:   86:  //set number of Victory cards
    #####:   87:  if (numPlayers == 2)
        -:   88:    {
    #####:   89:      state->supplyCount[estate] = 8;
    #####:   90:      state->supplyCount[duchy] = 8;
    #####:   91:      state->supplyCount[province] = 8;
    #####:   92:    }
        -:   93:  else
        -:   94:    {
    #####:   95:      state->supplyCount[estate] = 12;
    #####:   96:      state->supplyCount[duchy] = 12;
    #####:   97:      state->supplyCount[province] = 12;
        -:   98:    }
        -:   99:
        -:  100:  //set number of Treasure cards
    #####:  101:  state->supplyCount[copper] = 60 - (7 * numPlayers);
    #####:  102:  state->supplyCount[silver] = 40;
    #####:  103:  state->supplyCount[gold] = 30;
        -:  104:
        -:  105:  //set number of Kingdom cards
    #####:  106:  for (i = adventurer; i <= treasure_map; i++)       	//loop all cards
        -:  107:    {
    #####:  108:      for (j = 0; j < 10; j++)           		//loop chosen cards
        -:  109:	{
    #####:  110:	  if (kingdomCards[j] == i)
        -:  111:	    {
        -:  112:	      //check if card is a 'Victory' Kingdom card
    #####:  113:	      if (kingdomCards[j] == great_hall || kingdomCards[j] == gardens)
        -:  114:		{
    #####:  115:		  if (numPlayers == 2){ 
    #####:  116:		    state->supplyCount[i] = 8; 
    #####:  117:		  }
    #####:  118:		  else{ state->supplyCount[i] = 12; }
    #####:  119:		}
        -:  120:	      else
        -:  121:		{
    #####:  122:		  state->supplyCount[i] = 10;
        -:  123:		}
    #####:  124:	      break;
        -:  125:	    }
        -:  126:	  else    //card is not in the set choosen for the game
        -:  127:	    {
    #####:  128:	      state->supplyCount[i] = -1;
        -:  129:	    }
    #####:  130:	}
        -:  131:
    #####:  132:    }
        -:  133:
        -:  134:  ////////////////////////
        -:  135:  //supply intilization complete
        -:  136:
        -:  137:  //set player decks
    #####:  138:  for (i = 0; i < numPlayers; i++)
        -:  139:    {
    #####:  140:      state->deckCount[i] = 0;
    #####:  141:      for (j = 0; j < 3; j++)
        -:  142:	{
    #####:  143:	  state->deck[i][j] = estate;
    #####:  144:	  state->deckCount[i]++;
    #####:  145:	}
    #####:  146:      for (j = 3; j < 10; j++)
        -:  147:	{
    #####:  148:	  state->deck[i][j] = copper;
    #####:  149:	  state->deckCount[i]++;		
    #####:  150:	}
    #####:  151:    }
        -:  152:
        -:  153:  //shuffle player decks
    #####:  154:  for (i = 0; i < numPlayers; i++)
        -:  155:    {
    #####:  156:      if ( shuffle(i, state) < 0 )
        -:  157:	{
    #####:  158:	  return -1;
        -:  159:	}
    #####:  160:    }
        -:  161:
        -:  162:  //draw player hands
    #####:  163:  for (i = 0; i < numPlayers; i++)
        -:  164:    {  
        -:  165:      //initialize hand size to zero
    #####:  166:      state->handCount[i] = 0;
    #####:  167:      state->discardCount[i] = 0;
        -:  168:      //draw 5 cards
        -:  169:      // for (j = 0; j < 5; j++)
        -:  170:      //	{
        -:  171:      //	  drawCard(i, state);
        -:  172:      //	}
    #####:  173:    }
        -:  174:  
        -:  175:  //set embargo tokens to 0 for all supply piles
    #####:  176:  for (i = 0; i <= treasure_map; i++)
        -:  177:    {
    #####:  178:      state->embargoTokens[i] = 0;
    #####:  179:    }
        -:  180:
        -:  181:  //initialize first player's turn
    #####:  182:  state->outpostPlayed = 0;
    #####:  183:  state->phase = 0;
    #####:  184:  state->numActions = 1;
    #####:  185:  state->numBuys = 1;
    #####:  186:  state->playedCardCount = 0;
    #####:  187:  state->whoseTurn = 0;
    #####:  188:  state->handCount[state->whoseTurn] = 0;
        -:  189:  //int it; move to top
        -:  190:
        -:  191:  //Moved draw cards to here, only drawing at the start of a turn
    #####:  192:  for (it = 0; it < 5; it++){
    #####:  193:    drawCard(state->whoseTurn, state);
    #####:  194:  }
        -:  195:
    #####:  196:  updateCoins(state->whoseTurn, state, 0);
        -:  197:
    #####:  198:  return 0;
    #####:  199:}
        -:  200:
        -:  201:int shuffle(int player, struct gameState *state) {
        -:  202: 
        -:  203:
        -:  204:  int newDeck[MAX_DECK];
        2:  205:  int newDeckPos = 0;
        -:  206:  int card;
        -:  207:  int i;
        -:  208:
        2:  209:  if (state->deckCount[player] < 1)
    #####:  210:    return -1;
        2:  211:  qsort ((void*)(state->deck[player]), state->deckCount[player], sizeof(int), compare); 
        -:  212:  /* SORT CARDS IN DECK TO ENSURE DETERMINISM! */
        -:  213:
     1622:  214:  while (state->deckCount[player] > 0) {
      809:  215:    card = floor(Random() * state->deckCount[player]);
      809:  216:    newDeck[newDeckPos] = state->deck[player][card];
      809:  217:    newDeckPos++;
   163444:  218:    for (i = card; i < state->deckCount[player]-1; i++) {
    80913:  219:      state->deck[player][i] = state->deck[player][i+1];
    80913:  220:    }
      809:  221:    state->deckCount[player]--;
        -:  222:  }
     1622:  223:  for (i = 0; i < newDeckPos; i++) {
      809:  224:    state->deck[player][i] = newDeck[i];
      809:  225:    state->deckCount[player]++;
      809:  226:  }
        -:  227:
        2:  228:  return 0;
        2:  229:}
        -:  230:
        -:  231:int playCard(int handPos, int choice1, int choice2, int choice3, struct gameState *state) 
        -:  232:{	
        -:  233:  int card;
    #####:  234:  int coin_bonus = 0; 		//tracks coins gain from actions
        -:  235:
        -:  236:  //check if it is the right phase
    #####:  237:  if (state->phase != 0)
        -:  238:    {
    #####:  239:      return -1;
        -:  240:    }
        -:  241:	
        -:  242:  //check if player has enough actions
    #####:  243:  if ( state->numActions < 1 )
        -:  244:    {
    #####:  245:      return -1;
        -:  246:    }
        -:  247:	
        -:  248:  //get card played
    #####:  249:  card = handCard(handPos, state);
        -:  250:	
        -:  251:  //check if selected card is an action
    #####:  252:  if ( card < adventurer || card > treasure_map )
        -:  253:    {
    #####:  254:      return -1;
        -:  255:    }
        -:  256:	
        -:  257:  //play card
    #####:  258:  if ( cardEffect(card, choice1, choice2, choice3, state, handPos, &coin_bonus) < 0 )
        -:  259:    {
    #####:  260:      return -1;
        -:  261:    }
        -:  262:	
        -:  263:  //reduce number of actions
    #####:  264:  state->numActions--;
        -:  265:
        -:  266:  //update coins (Treasure cards may be added with card draws)
    #####:  267:  updateCoins(state->whoseTurn, state, coin_bonus);
        -:  268:	
    #####:  269:  return 0;
    #####:  270:}
        -:  271:
        -:  272:int buyCard(int supplyPos, struct gameState *state) {
        -:  273:  int who;
        -:  274:  if (DEBUG){
        -:  275:    printf("Entering buyCard...\n");
        -:  276:  }
        -:  277:
        -:  278:  // I don't know what to do about the phase thing.
        -:  279:
    #####:  280:  who = state->whoseTurn;
        -:  281:
    #####:  282:  if (state->numBuys < 1){
        -:  283:    if (DEBUG)
        -:  284:      printf("You do not have any buys left\n");
    #####:  285:    return -1;
    #####:  286:  } else if (supplyCount(supplyPos, state) <1){
        -:  287:    if (DEBUG)
        -:  288:      printf("There are not any of that type of card left\n");
    #####:  289:    return -1;
    #####:  290:  } else if (state->coins < getCost(supplyPos)){
        -:  291:    if (DEBUG) 
        -:  292:      printf("You do not have enough money to buy that. You have %d coins.\n", state->coins);
    #####:  293:    return -1;
        -:  294:  } else {
    #####:  295:    state->phase=1;
        -:  296:    //state->supplyCount[supplyPos]--;
    #####:  297:    gainCard(supplyPos, state, 0, who); //card goes in discard, this might be wrong.. (2 means goes into hand, 0 goes into discard)
        -:  298:  
    #####:  299:    state->coins = (state->coins) - (getCost(supplyPos));
    #####:  300:    state->numBuys--;
        -:  301:    if (DEBUG)
        -:  302:      printf("You bought card number %d for %d coins. You now have %d buys and %d coins.\n", supplyPos, getCost(supplyPos), state->numBuys, state->coins);
        -:  303:  }
        -:  304:
        -:  305:  //state->discard[who][state->discardCount[who]] = supplyPos;
        -:  306:  //state->discardCount[who]++;
        -:  307:    
    #####:  308:  return 0;
    #####:  309:}
        -:  310:
        -:  311:int numHandCards(struct gameState *state) {
    #####:  312:  return state->handCount[ whoseTurn(state) ];
        -:  313:}
        -:  314:
        -:  315:int handCard(int handPos, struct gameState *state) {
    #####:  316:  int currentPlayer = whoseTurn(state);
    #####:  317:  return state->hand[currentPlayer][handPos];
        -:  318:}
        -:  319:
        -:  320:int supplyCount(int card, struct gameState *state) {
    #####:  321:  return state->supplyCount[card];
        -:  322:}
        -:  323:
        -:  324:int fullDeckCount(int player, int card, struct gameState *state) {
        -:  325:  int i;
    #####:  326:  int count = 0;
        -:  327:
    #####:  328:  for (i = 0; i < state->deckCount[player]; i++)
        -:  329:    {
    #####:  330:      if (state->deck[player][i] == card) count++;
    #####:  331:    }
        -:  332:
    #####:  333:  for (i = 0; i < state->handCount[player]; i++)
        -:  334:    {
    #####:  335:      if (state->hand[player][i] == card) count++;
    #####:  336:    }
        -:  337:
    #####:  338:  for (i = 0; i < state->discardCount[player]; i++)
        -:  339:    {
    #####:  340:      if (state->discard[player][i] == card) count++;
    #####:  341:    }
        -:  342:
    #####:  343:  return count;
        -:  344:}
        -:  345:
        -:  346:int whoseTurn(struct gameState *state) {
    #####:  347:  return state->whoseTurn;
        -:  348:}
        -:  349:
        -:  350:int endTurn(struct gameState *state) {
        -:  351:  int k;
        -:  352:  int i;
    #####:  353:  int currentPlayer = whoseTurn(state);
        -:  354:  
        -:  355:  //Discard hand
    #####:  356:  for (i = 0; i < state->handCount[currentPlayer]; i++){
    #####:  357:    state->discard[currentPlayer][state->discardCount[currentPlayer]++] = state->hand[currentPlayer][i];//Discard
    #####:  358:    state->hand[currentPlayer][i] = -1;//Set card to -1
    #####:  359:  }
    #####:  360:  state->handCount[currentPlayer] = 0;//Reset hand count
        -:  361:    
        -:  362:  //Code for determining the player
    #####:  363:  if (currentPlayer < (state->numPlayers - 1)){ 
    #####:  364:    state->whoseTurn = currentPlayer + 1;//Still safe to increment
    #####:  365:  }
        -:  366:  else{
    #####:  367:    state->whoseTurn = 0;//Max player has been reached, loop back around to player 1
        -:  368:  }
        -:  369:
    #####:  370:  state->outpostPlayed = 0;
    #####:  371:  state->phase = 0;
    #####:  372:  state->numActions = 1;
    #####:  373:  state->coins = 0;
    #####:  374:  state->numBuys = 1;
    #####:  375:  state->playedCardCount = 0;
    #####:  376:  state->handCount[state->whoseTurn] = 0;
        -:  377:
        -:  378:  //int k; move to top
        -:  379:  //Next player draws hand
    #####:  380:  for (k = 0; k < 5; k++){
    #####:  381:    drawCard(state->whoseTurn, state);//Draw a card
    #####:  382:  }
        -:  383:
        -:  384:  //Update money
    #####:  385:  updateCoins(state->whoseTurn, state , 0);
        -:  386:
    #####:  387:  return 0;
        -:  388:}
        -:  389:
        -:  390:int isGameOver(struct gameState *state) {
        -:  391:  int i;
        -:  392:  int j;
        -:  393:	
        -:  394:  //if stack of Province cards is empty, the game ends
    #####:  395:  if (state->supplyCount[province] == 0)
        -:  396:    {
    #####:  397:      return 1;
        -:  398:    }
        -:  399:
        -:  400:  //if three supply pile are at 0, the game ends
    #####:  401:  j = 0;
    #####:  402:  for (i = 0; i < 25; i++)
        -:  403:    {
    #####:  404:      if (state->supplyCount[i] == 0)
        -:  405:	{
    #####:  406:	  j++;
    #####:  407:	}
    #####:  408:    }
    #####:  409:  if ( j >= 3)
        -:  410:    {
    #####:  411:      return 1;
        -:  412:    }
        -:  413:
    #####:  414:  return 0;
    #####:  415:}
        -:  416:
        -:  417:int scoreFor (int player, struct gameState *state) {
        -:  418:
        -:  419:  int i;
    #####:  420:  int score = 0;
        -:  421:  //score from hand
    #####:  422:  for (i = 0; i < state->handCount[player]; i++)
        -:  423:    {
    #####:  424:      if (state->hand[player][i] == curse) { score = score - 1; };
    #####:  425:      if (state->hand[player][i] == estate) { score = score + 1; };
    #####:  426:      if (state->hand[player][i] == duchy) { score = score + 3; };
    #####:  427:      if (state->hand[player][i] == province) { score = score + 6; };
    #####:  428:      if (state->hand[player][i] == great_hall) { score = score + 1; };
    #####:  429:      if (state->hand[player][i] == gardens) { score = score + ( fullDeckCount(player, 0, state) / 10 ); };
    #####:  430:    }
        -:  431:
        -:  432:  //score from discard
    #####:  433:  for (i = 0; i < state->discardCount[player]; i++)
        -:  434:    {
    #####:  435:      if (state->discard[player][i] == curse) { score = score - 1; };
    #####:  436:      if (state->discard[player][i] == estate) { score = score + 1; };
    #####:  437:      if (state->discard[player][i] == duchy) { score = score + 3; };
    #####:  438:      if (state->discard[player][i] == province) { score = score + 6; };
    #####:  439:      if (state->discard[player][i] == great_hall) { score = score + 1; };
    #####:  440:      if (state->discard[player][i] == gardens) { score = score + ( fullDeckCount(player, 0, state) / 10 ); };
    #####:  441:    }
        -:  442:
        -:  443:  //score from deck
    #####:  444:  for (i = 0; i < state->discardCount[player]; i++)
        -:  445:    {
    #####:  446:      if (state->deck[player][i] == curse) { score = score - 1; };
    #####:  447:      if (state->deck[player][i] == estate) { score = score + 1; };
    #####:  448:      if (state->deck[player][i] == duchy) { score = score + 3; };
    #####:  449:      if (state->deck[player][i] == province) { score = score + 6; };
    #####:  450:      if (state->deck[player][i] == great_hall) { score = score + 1; };
    #####:  451:      if (state->deck[player][i] == gardens) { score = score + ( fullDeckCount(player, 0, state) / 10 ); };
    #####:  452:    }
        -:  453:
    #####:  454:  return score;
        -:  455:}
        -:  456:
        -:  457:int getWinners(int players[MAX_PLAYERS], struct gameState *state) {
        -:  458:  int i;	
        -:  459:  int j;
        -:  460:  int highScore;
        -:  461:  int currentPlayer;
        -:  462:
        -:  463:  //get score for each player
    #####:  464:  for (i = 0; i < MAX_PLAYERS; i++)
        -:  465:    {
        -:  466:      //set unused player scores to -9999
    #####:  467:      if (i >= state->numPlayers)
        -:  468:	{
    #####:  469:	  players[i] = -9999;
    #####:  470:	}
        -:  471:      else
        -:  472:	{
    #####:  473:	  players[i] = scoreFor (i, state);
        -:  474:	}
    #####:  475:    }
        -:  476:
        -:  477:  //find highest score
    #####:  478:  j = 0;
    #####:  479:  for (i = 0; i < MAX_PLAYERS; i++)
        -:  480:    {
    #####:  481:      if (players[i] > players[j])
        -:  482:	{
    #####:  483:	  j = i;
    #####:  484:	}
    #####:  485:    }
    #####:  486:  highScore = players[j];
        -:  487:
        -:  488:  //add 1 to players who had less turns
    #####:  489:  currentPlayer = whoseTurn(state);
    #####:  490:  for (i = 0; i < MAX_PLAYERS; i++)
        -:  491:    {
    #####:  492:      if ( players[i] == highScore && i > currentPlayer )
        -:  493:	{
    #####:  494:	  players[i]++;
    #####:  495:	}
    #####:  496:    }
        -:  497:
        -:  498:  //find new highest score
    #####:  499:  j = 0;
    #####:  500:  for (i = 0; i < MAX_PLAYERS; i++)
        -:  501:    {
    #####:  502:      if ( players[i] > players[j] )
        -:  503:	{
    #####:  504:	  j = i;
    #####:  505:	}
    #####:  506:    }
    #####:  507:  highScore = players[j];
        -:  508:
        -:  509:  //set winners in array to 1 and rest to 0
    #####:  510:  for (i = 0; i < MAX_PLAYERS; i++)
        -:  511:    {
    #####:  512:      if ( players[i] == highScore )
        -:  513:	{
    #####:  514:	  players[i] = 1;
    #####:  515:	}
        -:  516:      else
        -:  517:	{
    #####:  518:	  players[i] = 0;
        -:  519:	}
    #####:  520:    }
        -:  521:
    #####:  522:  return 0;
        -:  523:}
        -:  524:
        -:  525:int drawCard(int player, struct gameState *state)
        -:  526:{	int count;
        -:  527:  int deckCounter;
     2000:  528:  if (state->deckCount[player] <= 0){//Deck is empty
        -:  529:    
        -:  530:    //Step 1 Shuffle the discard pile back into a deck
        -:  531:    int i;
        -:  532:    //Move discard to deck
     1622:  533:    for (i = 0; i < state->discardCount[player];i++){
      809:  534:      state->deck[player][i] = state->discard[player][i];
      809:  535:      state->discard[player][i] = -1;
      809:  536:    }
        -:  537:
        2:  538:    state->deckCount[player] = state->discardCount[player];
        2:  539:    state->discardCount[player] = 0;//Reset discard
        -:  540:
        -:  541:    //Shufffle the deck
        2:  542:    shuffle(player, state);//Shuffle the deck up and make it so that we can draw
        -:  543:   
        -:  544:    if (DEBUG){//Debug statements
        -:  545:      printf("Deck count now: %d\n", state->deckCount[player]);
        -:  546:    }
        -:  547:    
        2:  548:    state->discardCount[player] = 0;
        -:  549:
        -:  550:    //Step 2 Draw Card
        2:  551:    count = state->handCount[player];//Get current player's hand count
        -:  552:    
        -:  553:    if (DEBUG){//Debug statements
        -:  554:      printf("Current hand count: %d\n", count);
        -:  555:    }
        -:  556:    
        2:  557:    deckCounter = state->deckCount[player];//Create a holder for the deck count
        -:  558:
        2:  559:    if (deckCounter == 0)
    #####:  560:      return -1;
        -:  561:
        2:  562:    state->hand[player][count] = state->deck[player][deckCounter - 1];//Add card to hand
        2:  563:    state->deckCount[player]--;
        2:  564:    state->handCount[player]++;//Increment hand count
        2:  565:  }
        -:  566:
        -:  567:  else{
     1998:  568:    int count = state->handCount[player];//Get current hand count for player
        -:  569:    int deckCounter;
        -:  570:    if (DEBUG){//Debug statements
        -:  571:      printf("Current hand count: %d\n", count);
        -:  572:    }
        -:  573:
     1998:  574:    deckCounter = state->deckCount[player];//Create holder for the deck count
     1998:  575:    state->hand[player][count] = state->deck[player][deckCounter - 1];//Add card to the hand
     1998:  576:    state->deckCount[player]--;
     1998:  577:    state->handCount[player]++;//Increment hand count
        -:  578:  }
        -:  579:
     2000:  580:  return 0;
     2000:  581:}
        -:  582:
        -:  583:int getCost(int cardNumber)
        -:  584:{
    #####:  585:  switch( cardNumber ) 
        -:  586:    {
        -:  587:    case curse:
    #####:  588:      return 0;
        -:  589:    case estate:
    #####:  590:      return 2;
        -:  591:    case duchy:
    #####:  592:      return 5;
        -:  593:    case province:
    #####:  594:      return 8;
        -:  595:    case copper:
    #####:  596:      return 0;
        -:  597:    case silver:
    #####:  598:      return 3;
        -:  599:    case gold:
    #####:  600:      return 6;
        -:  601:    case adventurer:
    #####:  602:      return 6;
        -:  603:    case council_room:
    #####:  604:      return 5;
        -:  605:    case feast:
    #####:  606:      return 4;
        -:  607:    case gardens:
    #####:  608:      return 4;
        -:  609:    case mine:
    #####:  610:      return 5;
        -:  611:    case remodel:
    #####:  612:      return 4;
        -:  613:    case smithy:
    #####:  614:      return 4;
        -:  615:    case village:
    #####:  616:      return 3;
        -:  617:    case baron:
    #####:  618:      return 4;
        -:  619:    case great_hall:
    #####:  620:      return 3;
        -:  621:    case minion:
    #####:  622:      return 5;
        -:  623:    case steward:
    #####:  624:      return 3;
        -:  625:    case tribute:
    #####:  626:      return 5;
        -:  627:    case ambassador:
    #####:  628:      return 3;
        -:  629:    case cutpurse:
    #####:  630:      return 4;
        -:  631:    case embargo: 
    #####:  632:      return 2;
        -:  633:    case outpost:
    #####:  634:      return 5;
        -:  635:    case salvager:
    #####:  636:      return 4;
        -:  637:    case sea_hag:
    #####:  638:      return 4;
        -:  639:    case treasure_map:
    #####:  640:      return 4;
        -:  641:    }
        -:  642:	
    #####:  643:  return -1;
    #####:  644:}
        -:  645:
        -:  646:int adventurerCard(struct gameState *state)
        -:  647:{
    #####:  648:  int currentPlayer = whoseTurn(state);
        -:  649:  int temphand[MAX_HAND];
    #####:  650:  int drawntreasure=0;
        -:  651:  int cardDrawn;
    #####:  652:  int z = 0;
        -:  653:
    #####:  654:  while(drawntreasure<2){
    #####:  655:    if (state->deckCount[currentPlayer] <1){//if the deck is empty we need to shuffle discard and add to deck
    #####:  656:      shuffle(currentPlayer, state);
    #####:  657:    }
    #####:  658:    drawCard(currentPlayer, state);
    #####:  659:    cardDrawn = state->hand[currentPlayer][state->handCount[currentPlayer]-1];//top card of hand is most recently drawn card.
    #####:  660:    if (cardDrawn == copper || cardDrawn == gold)
    #####:  661:      drawntreasure++;
        -:  662:    else{
    #####:  663:      temphand[z]=cardDrawn;
    #####:  664:      state->handCount[currentPlayer]--; //this should just remove the top card (the most recently drawn one).
    #####:  665:      z++;
        -:  666:    }
        -:  667:  }
    #####:  668:  while(z-1>=0){
    #####:  669:    state->discard[currentPlayer][state->discardCount[currentPlayer]++]=temphand[z-1]; // discard all cards in play that have been drawn
    #####:  670:    z=z-1;
        -:  671:  }
    #####:  672:  return 0;
        -:  673:}
        -:  674:
        -:  675:int smithyCard(struct gameState *state, int handPos)
        -:  676:{
        -:  677:  int i;
    #####:  678:  int currentPlayer = whoseTurn(state);
        -:  679:  //+3 Cards
    #####:  680:  for (i = 0; i < 4; i++)
        -:  681:  {
    #####:  682:    drawCard(currentPlayer, state);
    #####:  683:  }
        -:  684:      
        -:  685:  //discard card from hand
    #####:  686:  discardCard(handPos, currentPlayer, state, 0);
    #####:  687:  return 0;
        -:  688:    
        -:  689:}
        -:  690:
        -:  691:int villageCard(struct gameState *state, int handPos)
        -:  692:{
    #####:  693:  int currentPlayer = whoseTurn(state);
        -:  694:  //+1 Card
    #####:  695:  drawCard(currentPlayer, state);
        -:  696:      
        -:  697:  //+2 Actions
    #####:  698:  state->numActions = state->numActions + 2;
        -:  699:      
        -:  700:  //discard played card from hand
    #####:  701:  discardCard(handPos, currentPlayer, state, 0);
    #####:  702:  return 0;
        -:  703:}
        -:  704:
        -:  705:int minionCard(struct gameState *state, int handPos, int choice1, int choice2)
        -:  706:{
    #####:  707:  int currentPlayer = whoseTurn(state);
        -:  708:  int i, j;
        -:  709:  //+1 action
    #####:  710:  state->numActions++;
        -:  711:      
        -:  712:  //discard card from hand
    #####:  713:  discardCard(handPos, currentPlayer, state, 0);
        -:  714:      
    #####:  715:  if (choice1)    //+2 coins
        -:  716:  {
    #####:  717:    state->coins = state->coins + 2;
    #####:  718:  }
        -:  719:      
    #####:  720:  else if (choice2)   //discard hand, redraw 4, other players with 5+ cards discard hand and draw 4
        -:  721:  {
        -:  722:    //discard hand
    #####:  723:    while(numHandCards(state) > 3)
        -:  724:    {
    #####:  725:      discardCard(handPos, currentPlayer, state, 0);
        -:  726:    }
        -:  727:        
        -:  728:    //draw 4
    #####:  729:    for (i = 1; i < 4; i++)
        -:  730:    {
    #####:  731:      drawCard(currentPlayer, state);
    #####:  732:    }
        -:  733:        
        -:  734:    //other players discard hand and redraw if hand size > 4
    #####:  735:    for (i = 0; i < state->numPlayers; i++)
        -:  736:    {
    #####:  737:      if (i != currentPlayer)
        -:  738:      {
    #####:  739:        if ( state->handCount[i] > 4 )
        -:  740:        {
        -:  741:          //discard hand
    #####:  742:          while( state->handCount[i] > 0 )
        -:  743:          {
    #####:  744:            discardCard(handPos, i, state, 0);
        -:  745:          }
        -:  746:              
        -:  747:          //draw 4
    #####:  748:          for (j = 0; j < 4; j++)
        -:  749:          {
    #####:  750:            drawCard(i, state);
    #####:  751:          }
    #####:  752:        }
    #####:  753:      }
    #####:  754:    }
        -:  755:        
    #####:  756:  }
    #####:  757:  return 0;
        -:  758:}
        -:  759:
        -:  760:int council_roomCard(struct gameState *state, int handPos)
        -:  761:{
    #####:  762:  int currentPlayer = whoseTurn(state);
        -:  763:  int i;
        -:  764:  //+4 Cards
    #####:  765:  for (i = 0; i < 3; i++)
        -:  766:  {
    #####:  767:    drawCard(currentPlayer, state);
    #####:  768:  }
        -:  769:      
        -:  770:  //+1 Buy
    #####:  771:  state->numBuys++;
        -:  772:      
        -:  773:  //Each other player draws a card
    #####:  774:  for (i = 0; i < state->numPlayers; i++)
        -:  775:  {
    #####:  776:    if ( i != currentPlayer )
        -:  777:      {
    #####:  778:        drawCard(i, state);
    #####:  779:      }
    #####:  780:  }
        -:  781:      
        -:  782:  //put played card in played card pile
    #####:  783:  discardCard(handPos, currentPlayer, state, 0);
        -:  784:      
    #####:  785:  return 0;
        -:  786:}
        -:  787:
        -:  788:int cardEffect(int card, int choice1, int choice2, int choice3, struct gameState *state, int handPos, int *bonus)
        -:  789:{
        -:  790:  int i;
        -:  791:  int j;
        -:  792:  int k;
        -:  793:  int x;
        -:  794:  int index;
    #####:  795:  int currentPlayer = whoseTurn(state);
    #####:  796:  int nextPlayer = currentPlayer + 1;
        -:  797:
    #####:  798:  int tributeRevealedCards[2] = {-1, -1};
        -:  799:  int temphand[MAX_HAND];// moved above the if statement
        -:  800:  //int drawntreasure=0;
        -:  801:  //int cardDrawn;
        -:  802:  //int z = 0;// this is the counter for the temp hand
    #####:  803:  if (nextPlayer > (state->numPlayers - 1)){
    #####:  804:    nextPlayer = 0;
    #####:  805:  }
        -:  806:  
        -:  807:	
        -:  808:  //uses switch to select card and perform actions
    #####:  809:  switch( card ) 
        -:  810:  {
        -:  811:    case adventurer:
    #####:  812:      return adventurerCard(state);
        -:  813:			
        -:  814:    case council_room:
    #####:  815:      return council_roomCard(state, handPos);
        -:  816:			
        -:  817:    case feast:
        -:  818:      //gain card with cost up to 5
        -:  819:      //Backup hand
    #####:  820:      for (i = 0; i <= state->handCount[currentPlayer]; i++){
    #####:  821:	       temphand[i] = state->hand[currentPlayer][i];//Backup card
    #####:  822:	       state->hand[currentPlayer][i] = -1;//Set to nothing
    #####:  823:      }
        -:  824:      //Backup hand
        -:  825:
        -:  826:      //Update Coins for Buy
    #####:  827:      updateCoins(currentPlayer, state, 5);
    #####:  828:      x = 1;//Condition to loop on
    #####:  829:      while( x == 1) {//Buy one card
    #####:  830:  	     if (supplyCount(choice1, state) <= 0){
        -:  831:  	       if (DEBUG)
        -:  832:  	         printf("None of that card left, sorry!\n");
        -:  833:
        -:  834:  	       if (DEBUG){
        -:  835:  	         printf("Cards Left: %d\n", supplyCount(choice1, state));
        -:  836:  	       }
    #####:  837:  	     }
    #####:  838:  	     else if (state->coins < getCost(choice1)){
    #####:  839:  	       printf("That card is too expensive!\n");
        -:  840:
        -:  841:  	       if (DEBUG){
        -:  842:  	         printf("Coins: %d < %d\n", state->coins, getCost(choice1));
        -:  843:  	       }
    #####:  844:  	     }
        -:  845:  	     else{
        -:  846:
        -:  847:  	       if (DEBUG){
        -:  848:  	         printf("Deck Count: %d\n", state->handCount[currentPlayer] + state->deckCount[currentPlayer] + state->discardCount[currentPlayer]);
        -:  849:  	       }
        -:  850:
    #####:  851:  	       gainCard(choice1, state, 0, currentPlayer);//Gain the card
    #####:  852:  	       x = 0;//No more buying cards
        -:  853:
        -:  854:  	       if (DEBUG){
        -:  855:  	         printf("Deck Count: %d\n", state->handCount[currentPlayer] + state->deckCount[currentPlayer] + state->discardCount[currentPlayer]);
        -:  856:  	       }
        -:  857:
        -:  858:  	     }
        -:  859:      }     
        -:  860:
        -:  861:      //Reset Hand
    #####:  862:      for (i = 0; i <= state->handCount[currentPlayer]; i++){
    #####:  863:	     state->hand[currentPlayer][i] = temphand[i];
    #####:  864:	     temphand[i] = -1;
    #####:  865:      }
        -:  866:      //Reset Hand			
    #####:  867:      return 0;
        -:  868:			
        -:  869:    case gardens:
    #####:  870:      return -1;
        -:  871:			
        -:  872:    case mine:
    #####:  873:      j = state->hand[currentPlayer][choice1];  //store card we will trash
        -:  874:
    #####:  875:      if (state->hand[currentPlayer][choice1] < copper || state->hand[currentPlayer][choice1] > gold)
        -:  876:    	{
    #####:  877:    	  return -1;
        -:  878:    	}
        -:  879:		
    #####:  880:      if (choice2 > treasure_map || choice2 < curse)
        -:  881:    	{
    #####:  882:    	  return -1;
        -:  883:    	}
        -:  884:
    #####:  885:      if ( (getCost(state->hand[currentPlayer][choice1]) + 3) > getCost(choice2) )
        -:  886:    	{
    #####:  887:    	  return -1;
        -:  888:    	}
        -:  889:
    #####:  890:      gainCard(choice2, state, 2, currentPlayer);
        -:  891:
        -:  892:      //discard card from hand
    #####:  893:      discardCard(handPos, currentPlayer, state, 0);
        -:  894:
        -:  895:      //discard trashed card
    #####:  896:      for (i = 0; i < state->handCount[currentPlayer]; i++)
        -:  897:    	{
    #####:  898:    	  if (state->hand[currentPlayer][i] == j)
        -:  899:        {
    #####:  900:          discardCard(i, currentPlayer, state, 0);			
    #####:  901:          break;
        -:  902:        }
    #####:  903:    	}
        -:  904:			
    #####:  905:      return 0;
        -:  906:			
        -:  907:    case remodel:
    #####:  908:      j = state->hand[currentPlayer][choice1];  //store card we will trash
        -:  909:
    #####:  910:      if ( (getCost(state->hand[currentPlayer][choice1]) + 2) > getCost(choice2) )
        -:  911:    	{
    #####:  912:    	  return -1;
        -:  913:    	}
        -:  914:
    #####:  915:      gainCard(choice2, state, 0, currentPlayer);
        -:  916:
        -:  917:      //discard card from hand
    #####:  918:      discardCard(handPos, currentPlayer, state, 0);
        -:  919:
        -:  920:      //discard trashed card
    #####:  921:      for (i = 0; i < state->handCount[currentPlayer]; i++)
        -:  922:    	{
    #####:  923:    	  if (state->hand[currentPlayer][i] == j)
        -:  924:    	    {
    #####:  925:    	      discardCard(i, currentPlayer, state, 0);			
    #####:  926:    	      break;
        -:  927:    	    }
    #####:  928:    	}
        -:  929:
        -:  930:
    #####:  931:      return 0;
        -:  932:		
        -:  933:    case smithy:
    #####:  934:      return smithyCard(state, handPos);
        -:  935:		
        -:  936:    case village:
    #####:  937:      return villageCard(state, handPos);
        -:  938:
        -:  939:		
        -:  940:    case baron:
    #####:  941:      state->numBuys++;//Increase buys by 1!
    #####:  942:      if (choice1 > 0){//Boolean true or going to discard an estate
    #####:  943:      	int p = 0;//Iterator for hand!
    #####:  944:      	int card_not_discarded = 1;//Flag for discard set!
    #####:  945:      	while(card_not_discarded){
    #####:  946:      	  if (state->hand[currentPlayer][p] == estate){//Found an estate card!
    #####:  947:      	    state->coins += 4;//Add 4 coins to the amount of coins
    #####:  948:      	    state->discard[currentPlayer][state->discardCount[currentPlayer]] = state->hand[currentPlayer][p];
    #####:  949:      	    state->discardCount[currentPlayer]++;
    #####:  950:      	    for (;p < state->handCount[currentPlayer]; p++){
    #####:  951:      	      state->hand[currentPlayer][p] = state->hand[currentPlayer][p+1];
    #####:  952:      	    }
    #####:  953:      	    state->hand[currentPlayer][state->handCount[currentPlayer]] = -1;
    #####:  954:      	    state->handCount[currentPlayer]--;
    #####:  955:      	    card_not_discarded = 0;//Exit the loop
    #####:  956:      	  }
    #####:  957:      	  else if (p > state->handCount[currentPlayer]){
        -:  958:      	    if(DEBUG) {
        -:  959:      	      printf("No estate cards in your hand, invalid choice\n");
        -:  960:      	      printf("Must gain an estate if there are any\n");
        -:  961:      	    }
    #####:  962:      	    if (supplyCount(estate, state) > 0){
    #####:  963:      	      gainCard(estate, state, 0, currentPlayer);
    #####:  964:      	      state->supplyCount[estate]--;//Decrement estates
    #####:  965:      	      if (supplyCount(estate, state) == 0){
    #####:  966:      		      isGameOver(state);
    #####:  967:      	      }
    #####:  968:      	    }
    #####:  969:      	    card_not_discarded = 0;//Exit the loop
    #####:  970:      	  }
        -:  971:      			    
        -:  972:      	  else{
    #####:  973:      	    p++;//Next card
        -:  974:      	  }
        -:  975:      	}
    #####:  976:      }
        -:  977:			    
        -:  978:      else{
    #####:  979:      	if (supplyCount(estate, state) > 0){
    #####:  980:      	  gainCard(estate, state, 0, currentPlayer);//Gain an estate
    #####:  981:      	  state->supplyCount[estate]--;//Decrement Estates
    #####:  982:      	  if (supplyCount(estate, state) == 0){
    #####:  983:      	    isGameOver(state);
    #####:  984:      	  }
    #####:  985:      	}
        -:  986:      }
        -:  987:	    
        -:  988:      
    #####:  989:      return 0;
        -:  990:		
        -:  991:    case great_hall:
        -:  992:      //+1 Card
    #####:  993:      drawCard(currentPlayer, state);
        -:  994:			
        -:  995:      //+1 Actions
    #####:  996:      state->numActions++;
        -:  997:			
        -:  998:      //discard card from hand
    #####:  999:      discardCard(handPos, currentPlayer, state, 0);
    #####: 1000:      return 0;
        -: 1001:		
        -: 1002:    case minion:
    #####: 1003:      return minionCard(state, handPos, choice1, choice2);
        -: 1004:
        -: 1005:		
        -: 1006:    case steward:
    #####: 1007:      if (choice1 == 1)
        -: 1008:    	{
        -: 1009:    	  //+2 cards
    #####: 1010:    	  drawCard(currentPlayer, state);
    #####: 1011:    	  drawCard(currentPlayer, state);
    #####: 1012:    	}
    #####: 1013:      else if (choice1 == 2)
        -: 1014:    	{
        -: 1015:    	  //+2 coins
    #####: 1016:    	  state->coins = state->coins + 2;
    #####: 1017:    	}
        -: 1018:      else
        -: 1019:    	{
        -: 1020:    	  //trash 2 cards in hand
    #####: 1021:    	  discardCard(choice2, currentPlayer, state, 1);
    #####: 1022:    	  discardCard(choice3, currentPlayer, state, 1);
        -: 1023:    	}
        -: 1024:			
        -: 1025:      //discard card from hand
    #####: 1026:      discardCard(handPos, currentPlayer, state, 0);
    #####: 1027:      return 0;
        -: 1028:		
        -: 1029:    case tribute:
    #####: 1030:      if ((state->discardCount[nextPlayer] + state->deckCount[nextPlayer]) <= 1){
    #####: 1031:      	if (state->deckCount[nextPlayer] > 0){
    #####: 1032:      	  tributeRevealedCards[0] = state->deck[nextPlayer][state->deckCount[nextPlayer]-1];
    #####: 1033:      	  state->deckCount[nextPlayer]--;
    #####: 1034:      	}
    #####: 1035:      	else if (state->discardCount[nextPlayer] > 0){
    #####: 1036:      	  tributeRevealedCards[0] = state->discard[nextPlayer][state->discardCount[nextPlayer]-1];
    #####: 1037:      	  state->discardCount[nextPlayer]--;
    #####: 1038:      	}
        -: 1039:      	else{
        -: 1040:      	  //No Card to Reveal
        -: 1041:      	  if (DEBUG){
        -: 1042:      	    printf("No cards to reveal\n");
        -: 1043:      	  }
        -: 1044:      	}
    #####: 1045:      }
        -: 1046:	    
        -: 1047:      else{
    #####: 1048:      	if (state->deckCount[nextPlayer] == 0){
    #####: 1049:      	  for (i = 0; i < state->discardCount[nextPlayer]; i++){
    #####: 1050:      	    state->deck[nextPlayer][i] = state->discard[nextPlayer][i];//Move to deck
    #####: 1051:      	    state->deckCount[nextPlayer]++;
    #####: 1052:      	    state->discard[nextPlayer][i] = -1;
    #####: 1053:      	    state->discardCount[nextPlayer]--;
    #####: 1054:      	  }
        -: 1055:      			    
    #####: 1056:      	  shuffle(nextPlayer,state);//Shuffle the deck
    #####: 1057:      	} 
    #####: 1058:      	tributeRevealedCards[0] = state->deck[nextPlayer][state->deckCount[nextPlayer]-1];
    #####: 1059:      	state->deck[nextPlayer][state->deckCount[nextPlayer]--] = -1;
    #####: 1060:      	state->deckCount[nextPlayer]--;
    #####: 1061:      	tributeRevealedCards[1] = state->deck[nextPlayer][state->deckCount[nextPlayer]-1];
    #####: 1062:      	state->deck[nextPlayer][state->deckCount[nextPlayer]--] = -1;
    #####: 1063:      	state->deckCount[nextPlayer]--;
        -: 1064:      }    
        -: 1065:		       
    #####: 1066:      if (tributeRevealedCards[0] == tributeRevealedCards[1]){//If we have a duplicate card, just drop one 
    #####: 1067:      	state->playedCards[state->playedCardCount] = tributeRevealedCards[1];
    #####: 1068:      	state->playedCardCount++;
    #####: 1069:      	tributeRevealedCards[1] = -1;
    #####: 1070:      }
        -: 1071:
    #####: 1072:      for (i = 0; i <= 2; i ++){
    #####: 1073:      	if (tributeRevealedCards[i] == copper || tributeRevealedCards[i] == silver || tributeRevealedCards[i] == gold){//Treasure cards
    #####: 1074:      	  state->coins += 2;
    #####: 1075:      	}
        -: 1076:		    
    #####: 1077:      	else if (tributeRevealedCards[i] == estate || tributeRevealedCards[i] == duchy || tributeRevealedCards[i] == province || tributeRevealedCards[i] == gardens || tributeRevealedCards[i] == great_hall){//Victory Card Found
    #####: 1078:      	  drawCard(currentPlayer, state);
    #####: 1079:      	  drawCard(currentPlayer, state);
    #####: 1080:      	}
        -: 1081:      	else{//Action Card
    #####: 1082:      	  state->numActions = state->numActions + 2;
        -: 1083:      	}
    #####: 1084:      }
        -: 1085:	    
    #####: 1086:      return 0;
        -: 1087:		
        -: 1088:    case ambassador:
    #####: 1089:      j = 0;		//used to check if player has enough cards to discard
        -: 1090:
    #####: 1091:      if (choice2 > 2 || choice2 < 0)
        -: 1092:    	{
    #####: 1093:    	  return -1;				
        -: 1094:    	}
        -: 1095:
    #####: 1096:      if (choice1 == handPos)
        -: 1097:    	{
    #####: 1098:    	  return -1;
        -: 1099:    	}
        -: 1100:
    #####: 1101:      for (i = 0; i < state->handCount[currentPlayer]; i++)
        -: 1102:    	{
    #####: 1103:    	  if (i != handPos && i == state->hand[currentPlayer][choice1] && i != choice1)
        -: 1104:    	    {
    #####: 1105:    	      j++;
    #####: 1106:    	    }
    #####: 1107:    	}
    #####: 1108:      if (j < choice2)
        -: 1109:    	{
    #####: 1110:    	  return -1;				
        -: 1111:    	}
        -: 1112:
        -: 1113:      if (DEBUG) 
        -: 1114:        printf("Player %d reveals card number: %d\n", currentPlayer, state->hand[currentPlayer][choice1]);
        -: 1115:
        -: 1116:      //increase supply count for choosen card by amount being discarded
    #####: 1117:      state->supplyCount[state->hand[currentPlayer][choice1]] += choice2;
        -: 1118:			
        -: 1119:      //each other player gains a copy of revealed card
    #####: 1120:      for (i = 0; i < state->numPlayers; i++)
        -: 1121:    	{
    #####: 1122:    	  if (i != currentPlayer)
        -: 1123:    	    {
    #####: 1124:    	      gainCard(state->hand[currentPlayer][choice1], state, 0, i);
    #####: 1125:    	    }
    #####: 1126:    	}
        -: 1127:
        -: 1128:      //discard played card from hand
    #####: 1129:      discardCard(handPos, currentPlayer, state, 0);			
        -: 1130:
        -: 1131:      //trash copies of cards returned to supply
    #####: 1132:      for (j = 0; j < choice2; j++)
        -: 1133:    	{
    #####: 1134:    	  for (i = 0; i < state->handCount[currentPlayer]; i++)
        -: 1135:        {
    #####: 1136:          if (state->hand[currentPlayer][i] == state->hand[currentPlayer][choice1])
        -: 1137:      		{
    #####: 1138:      		  discardCard(i, currentPlayer, state, 1);
    #####: 1139:      		  break;
        -: 1140:      		}
    #####: 1141:        }
    #####: 1142:    	}			
        -: 1143:
    #####: 1144:      return 0;
        -: 1145:		
        -: 1146:    case cutpurse:
        -: 1147:
    #####: 1148:      updateCoins(currentPlayer, state, 2);
    #####: 1149:      for (i = 0; i < state->numPlayers; i++)
        -: 1150:    	{
    #####: 1151:    	  if (i != currentPlayer)
        -: 1152:        {
    #####: 1153:          for (j = 0; j < state->handCount[i]; j++)
        -: 1154:      		{
    #####: 1155:      		  if (state->hand[i][j] == copper)
        -: 1156:      		    {
    #####: 1157:      		      discardCard(j, i, state, 0);
    #####: 1158:      		      break;
        -: 1159:      		    }
    #####: 1160:      		  if (j == state->handCount[i])
        -: 1161:      		    {
    #####: 1162:      		      for (k = 0; k < state->handCount[i]; k++)
        -: 1163:          			{
        -: 1164:          			  if (DEBUG)
        -: 1165:          			    printf("Player %d reveals card number %d\n", i, state->hand[i][k]);
    #####: 1166:          			}	
    #####: 1167:      		      break;
        -: 1168:      		    }		
    #####: 1169:      		}
        -: 1170:    					
    #####: 1171:        }
        -: 1172:    				
    #####: 1173:    	}				
        -: 1174:
        -: 1175:      //discard played card from hand
    #####: 1176:      discardCard(handPos, currentPlayer, state, 0);			
        -: 1177:
    #####: 1178:      return 0;
        -: 1179:
        -: 1180:		
        -: 1181:    case embargo: 
        -: 1182:      //+2 Coins
    #####: 1183:      state->coins = state->coins + 2;
        -: 1184:			
        -: 1185:      //see if selected pile is in play
    #####: 1186:      if ( state->supplyCount[choice1] == -1 )
        -: 1187:    	{
    #####: 1188:    	  return -1;
        -: 1189:    	}
        -: 1190:			
        -: 1191:      //add embargo token to selected supply pile
    #####: 1192:      state->embargoTokens[choice1]++;
        -: 1193:			
        -: 1194:      //trash card
    #####: 1195:      discardCard(handPos, currentPlayer, state, 1);		
    #####: 1196:      return 0;
        -: 1197:		
        -: 1198:    case outpost:
        -: 1199:      //set outpost flag
    #####: 1200:      state->outpostPlayed++;
        -: 1201:			
        -: 1202:      //discard card
    #####: 1203:      discardCard(handPos, currentPlayer, state, 0);
    #####: 1204:      return 0;
        -: 1205:		
        -: 1206:    case salvager:
        -: 1207:      //+1 buy
    #####: 1208:      state->numBuys++;
        -: 1209:			
    #####: 1210:      if (choice1)
        -: 1211:    	{
        -: 1212:    	  //gain coins equal to trashed card
    #####: 1213:    	  state->coins = state->coins + getCost( handCard(choice1, state) );
        -: 1214:    	  //trash card
    #####: 1215:    	  discardCard(choice1, currentPlayer, state, 1);	
    #####: 1216:    	}
        -: 1217:			
        -: 1218:      //discard card
    #####: 1219:      discardCard(handPos, currentPlayer, state, 0);
    #####: 1220:      return 0;
        -: 1221:		
        -: 1222:    case sea_hag:
    #####: 1223:      for (i = 0; i < state->numPlayers; i++){
    #####: 1224:      	if (i != currentPlayer){
    #####: 1225:      	  state->discard[i][state->discardCount[i]] = state->deck[i][state->deckCount[i]--];			    state->deckCount[i]--;
    #####: 1226:      	  state->discardCount[i]++;
    #####: 1227:      	  state->deck[i][state->deckCount[i]--] = curse;//Top card now a curse
    #####: 1228:      	}
    #####: 1229:      }
    #####: 1230:      return 0;
        -: 1231:		
        -: 1232:    case treasure_map:
        -: 1233:      //search hand for another treasure_map
    #####: 1234:      index = -1;
    #####: 1235:      for (i = 0; i < state->handCount[currentPlayer]; i++)
        -: 1236:    	{
    #####: 1237:    	  if (state->hand[currentPlayer][i] == treasure_map && i != handPos)
        -: 1238:    	    {
    #####: 1239:    	      index = i;
    #####: 1240:    	      break;
        -: 1241:    	    }
    #####: 1242:    	}
    #####: 1243:      if (index > -1)
        -: 1244:    	{
        -: 1245:    	  //trash both treasure cards
    #####: 1246:    	  discardCard(handPos, currentPlayer, state, 1);
    #####: 1247:    	  discardCard(index, currentPlayer, state, 1);
        -: 1248:
        -: 1249:    	  //gain 4 Gold cards
    #####: 1250:    	  for (i = 0; i < 4; i++)
        -: 1251:        {
    #####: 1252:          gainCard(gold, state, 1, currentPlayer);
    #####: 1253:        }
        -: 1254:    				
        -: 1255:    	  //return success
    #####: 1256:    	  return 1;
        -: 1257:    	}
        -: 1258:			
        -: 1259:      //no second treasure_map found in hand
    #####: 1260:      return -1;
        -: 1261:    }
        -: 1262:	
    #####: 1263:  return -1;
    #####: 1264:}
        -: 1265:
        -: 1266:int discardCard(int handPos, int currentPlayer, struct gameState *state, int trashFlag)
        -: 1267:{
        -: 1268:	
        -: 1269:  //if card is not trashed, added to Played pile 
    #####: 1270:  if (trashFlag < 1)
        -: 1271:    {
        -: 1272:      //add card to played pile
    #####: 1273:      state->playedCards[state->playedCardCount] = state->hand[currentPlayer][handPos]; 
    #####: 1274:      state->playedCardCount++;
    #####: 1275:    }
        -: 1276:	
        -: 1277:  //set played card to -1
    #####: 1278:  state->hand[currentPlayer][handPos] = -1;
        -: 1279:	
        -: 1280:  //remove card from player's hand
    #####: 1281:  if ( handPos == (state->handCount[currentPlayer] - 1) ) 	//last card in hand array is played
        -: 1282:    {
        -: 1283:      //reduce number of cards in hand
    #####: 1284:      state->handCount[currentPlayer]--;
    #####: 1285:    }
    #####: 1286:  else if ( state->handCount[currentPlayer] == 1 ) //only one card in hand
        -: 1287:    {
        -: 1288:      //reduce number of cards in hand
    #####: 1289:      state->handCount[currentPlayer]--;
    #####: 1290:    }
        -: 1291:  else 	
        -: 1292:    {
        -: 1293:      //replace discarded card with last card in hand
    #####: 1294:      state->hand[currentPlayer][handPos] = state->hand[currentPlayer][ (state->handCount[currentPlayer] - 1)];
        -: 1295:      //set last card to -1
    #####: 1296:      state->hand[currentPlayer][state->handCount[currentPlayer] - 1] = -1;
        -: 1297:      //reduce number of cards in hand
    #####: 1298:      state->handCount[currentPlayer]--;
        -: 1299:    }
        -: 1300:	
    #####: 1301:  return 0;
        -: 1302:}
        -: 1303:
        -: 1304:int gainCard(int supplyPos, struct gameState *state, int toFlag, int player)
        -: 1305:{
        -: 1306:  //Note: supplyPos is enum of choosen card
        -: 1307:	
        -: 1308:  //check if supply pile is empty (0) or card is not used in game (-1)
    #####: 1309:  if ( supplyCount(supplyPos, state) < 1 )
        -: 1310:    {
    #####: 1311:      return -1;
        -: 1312:    }
        -: 1313:	
        -: 1314:  //added card for [whoseTurn] current player:
        -: 1315:  // toFlag = 0 : add to discard
        -: 1316:  // toFlag = 1 : add to deck
        -: 1317:  // toFlag = 2 : add to hand
        -: 1318:
    #####: 1319:  if (toFlag == 1)
        -: 1320:    {
    #####: 1321:      state->deck[ player ][ state->deckCount[player] ] = supplyPos;
    #####: 1322:      state->deckCount[player]++;
    #####: 1323:    }
    #####: 1324:  else if (toFlag == 2)
        -: 1325:    {
    #####: 1326:      state->hand[ player ][ state->handCount[player] ] = supplyPos;
    #####: 1327:      state->handCount[player]++;
    #####: 1328:    }
        -: 1329:  else
        -: 1330:    {
    #####: 1331:      state->discard[player][ state->discardCount[player] ] = supplyPos;
    #####: 1332:      state->discardCount[player]++;
        -: 1333:    }
        -: 1334:	
        -: 1335:  //decrease number in supply pile
    #####: 1336:  state->supplyCount[supplyPos]--;
        -: 1337:	 
    #####: 1338:  return 0;
    #####: 1339:}
        -: 1340:
        -: 1341:int updateCoins(int player, struct gameState *state, int bonus)
        -: 1342:{
        -: 1343:  int i;
        -: 1344:	
        -: 1345:  //reset coin count
    #####: 1346:  state->coins = 0;
        -: 1347:
        -: 1348:  //add coins for each Treasure card in player's hand
    #####: 1349:  for (i = 0; i < state->handCount[player]; i++)
        -: 1350:    {
    #####: 1351:      if (state->hand[player][i] == copper)
        -: 1352:	{
    #####: 1353:	  state->coins += 1;
    #####: 1354:	}
    #####: 1355:      else if (state->hand[player][i] == silver)
        -: 1356:	{
    #####: 1357:	  state->coins += 2;
    #####: 1358:	}
    #####: 1359:      else if (state->hand[player][i] == gold)
        -: 1360:	{
    #####: 1361:	  state->coins += 3;
    #####: 1362:	}	
    #####: 1363:    }	
        -: 1364:
        -: 1365:  //add bonus
    #####: 1366:  state->coins += bonus;
        -: 1367:
    #####: 1368:  return 0;
        -: 1369:}
        -: 1370:
        -: 1371:
        -: 1372://end of dominion.c
        -: 1373:
